{
  "RSpec": {
    "coverage": {
      "/home/profport/Документы/RubymineProjects/test/taskwunder/app/mailers/user_mailer.rb": [
        1,
        null,
        4,
        null,
        null,
        1,
        3,
        3,
        3,
        null,
        null
      ],
      "/home/profport/Документы/RubymineProjects/test/taskwunder/app/mailers/application_mailer.rb": [
        1,
        1,
        1,
        null
      ],
      "/home/profport/Документы/RubymineProjects/test/taskwunder/app/services/profile_pdf_generator.rb": [
        1,
        1,
        3,
        null,
        null,
        1,
        3,
        3,
        3,
        3,
        3,
        3,
        3,
        null,
        null
      ]
    },
    "timestamp": 1501586710
  }
}
